This is pdfTeX, Version 3.141592653-2.6-1.40.29 (TeX Live 2026) (preloaded format=pdflatex 2026.3.7)  19 MAR 2026 12:13
entering extended mode
 restricted \write18 enabled.
 %&-line parsing enabled.
**solution.tex
(./solution.tex
LaTeX2e <2025-11-01>
L3 programming layer <2026-01-19>
(/home/znayko/.TinyTeX/texmf-dist/tex/latex/base/article.cls
Document Class: article 2025/01/22 v1.4n Standard LaTeX document class
(/home/znayko/.TinyTeX/texmf-dist/tex/latex/base/size10.clo
File: size10.clo 2025/01/22 v1.4n Standard LaTeX file (size option)
)
\c@part=\count275
\c@section=\count276
\c@subsection=\count277
\c@subsubsection=\count278
\c@paragraph=\count279
\c@subparagraph=\count280
\c@figure=\count281
\c@table=\count282
\abovecaptionskip=\skip49
\belowcaptionskip=\skip50
\bibindent=\dimen148
) (/home/znayko/.TinyTeX/texmf-dist/tex/latex/xcolor/xcolor.sty
Package: xcolor 2024/09/29 v3.02 LaTeX color extensions (UK)
(/home/znayko/.TinyTeX/texmf-dist/tex/latex/graphics-cfg/color.cfg
File: color.cfg 2016/01/02 v1.6 sample color configuration
)
Package xcolor Info: Driver file: pdftex.def on input line 274.
(/home/znayko/.TinyTeX/texmf-dist/tex/latex/graphics-def/pdftex.def
File: pdftex.def 2025/09/29 v1.2d Graphics/color driver for pdftex
) (/home/znayko/.TinyTeX/texmf-dist/tex/latex/graphics/mathcolor.ltx)
! Interruption.
\__seq_pop_left:wnwNNN ...seq_stop #4#5#6->#4#5{#1
                                                  #3}\tl_set:Nn #6{#2}
l.819 \InputIfFileExists{mathcolor.ltx}{}{}
                                           
You rang?
Try to insert an instruction for me (e.g., `I\showlists'),
unless you just want to quit by typing `X'.

 
Here is how much of TeX's memory you used:
 760 strings out of 469515
 10418 string characters out of 5469774
 433756 words of memory out of 5000000
 29487 multiletter control sequences out of 15000+600000
 627721 words of font info for 40 fonts, out of 8000000 for 9000
 14 hyphenation exceptions out of 8191
 38i,0n,62p,187b,36s stack positions out of 10000i,1000n,20000p,200000b,200000s
!  ==> Fatal error occurred, no output PDF file produced!
