Jaccard indices written to task3_results/jaccard_indices.csv
J(w1,w2) = 0.3036 
J(w2,w3) = 0.3507 
J(w1,w3) = 0.2341 

  effectName            include fix   test  initialValue parm
1 reciprocity           TRUE    FALSE FALSE          0   0   
2 transitive triplets   TRUE    FALSE FALSE          0   0   
3 3-cycles              TRUE    FALSE FALSE          0   0   
4 indegree - popularity TRUE    FALSE FALSE          0   0   
  effectName       include fix   test  initialValue parm
1 gender_cov alter TRUE    FALSE FALSE          0   0   
2 gender_cov ego   TRUE    FALSE FALSE          0   0   
3 same gender_cov  TRUE    FALSE FALSE          0   0   
  effectName             include fix   test  initialValue parm
1 alcohol_cov similarity TRUE    FALSE FALSE          0   0   
  effectName  include fix   test  initialValue parm
1 logdist_cov TRUE    FALSE FALSE          0   0   
If you use this algorithm object, siena07 will create/use an output file Siena.txt .
  effectName            include fix   test  initialValue parm
1 reciprocity           TRUE    FALSE FALSE          0   0   
2 transitive triplets   TRUE    FALSE FALSE          0   0   
3 3-cycles              TRUE    FALSE FALSE          0   0   
4 indegree - popularity TRUE    FALSE FALSE          0   0   
  effectName       include fix   test  initialValue parm
1 gender_cov alter TRUE    FALSE FALSE          0   0   
2 gender_cov ego   TRUE    FALSE FALSE          0   0   
3 same gender_cov  TRUE    FALSE FALSE          0   0   
  effectName         include fix   test  initialValue parm
1 alcohol similarity TRUE    FALSE FALSE          0   0   
  effectName  include fix   test  initialValue parm
1 logdist_cov TRUE    FALSE FALSE          0   0   
  effectName           include fix   test  initialValue parm
1 alcohol linear shape TRUE    FALSE FALSE    0.34704   0   
  effectName            include fix   test  initialValue parm
1 alcohol average alter TRUE    FALSE FALSE          0   0   
  effectName       include fix   test  initialValue parm
1 alcohol indegree TRUE    FALSE FALSE          0   0   
If you use this algorithm object, siena07 will create/use an output file Siena.txt .

Start phase 0 
theta:  7.454  6.829 -1.613  0.000  0.000  0.000  0.000  0.000  0.000  0.000  0.000  0.000  0.910  1.093  0.347  0.000  0.000  0.000 

Start phase 1 
Phase 1 Iteration 1 Progress: 0%
Phase 1 Iteration 2 Progress: 0%
Phase 1 Iteration 3 Progress: 0%
Phase 1 Iteration 4 Progress: 0%
Phase 1 Iteration 5 Progress: 0%
Phase 1 Iteration 10 Progress: 0%
Phase 1 Iteration 15 Progress: 0%
Phase 1 Iteration 20 Progress: 0%
Phase 1 Iteration 25 Progress: 0%
Phase 1 Iteration 30 Progress: 0%
Phase 1 Iteration 35 Progress: 1%
Phase 1 Iteration 40 Progress: 1%
Phase 1 Iteration 45 Progress: 1%
Phase 1 Iteration 50 Progress: 1%
Phase 1 Iteration 55 Progress: 1%
Phase 1 Iteration 60 Progress: 1%
theta:  8.45424  7.38667 -1.92048  0.17576  0.25607 -0.15687  0.00966 -0.08002  0.07668 -0.12374  0.09591  0.15604  0.98311  1.14194  0.20780 -0.01412  0.01308  0.05323 

Start phase 2.1
Phase 2 Subphase 1 Iteration 1 Progress: 19%
Phase 2 Subphase 1 Iteration 2 Progress: 19%
theta  8.7276  7.4659 -1.9791  0.3186  0.3338 -0.1441  0.0050 -0.1064  0.0740 -0.1485  0.1049  0.1963  1.0565  1.2022  0.2028 -0.0233  0.0143  0.0788 
ac 1.433 0.905 0.922 1.170 1.245 1.211 0.851 3.528 1.153 0.698 1.520 1.428 1.627 0.988 0.924 1.489 0.828 0.529 
Phase 2 Subphase 1 Iteration 3 Progress: 19%
Phase 2 Subphase 1 Iteration 4 Progress: 19%
theta  9.5708  7.5952 -2.1723  0.8218  0.5529 -0.0802 -0.0107 -0.1713  0.0667 -0.2088  0.1361  0.3178  1.2602  1.4387  0.2043 -0.0543  0.0230  0.2164 
ac 1.537 1.103 1.001 1.256 1.226 1.274 0.921 0.575 1.210 0.804 1.051 1.387 0.945 1.018 1.013 1.154 1.003 0.618 
Phase 2 Subphase 1 Iteration 5 Progress: 19%
Phase 2 Subphase 1 Iteration 6 Progress: 19%
theta  9.9209  7.5315 -2.2980  1.3345  0.5854 -0.0510 -0.0228 -0.1826  0.0795 -0.1994  0.1787  0.4666  1.4224  1.7541  0.2608 -0.1084  0.0236  0.3495 
ac 1.167 1.243 1.129 1.263 1.811 1.814 1.205 1.013 1.098 0.908 1.267 1.356 0.865 0.956 1.033 1.187 1.009 0.491 
Phase 2 Subphase 1 Iteration 7 Progress: 19%
Phase 2 Subphase 1 Iteration 8 Progress: 19%
theta  9.4364  7.1908 -2.3126  1.6444  0.4257 -0.0939 -0.0266 -0.1560  0.0666 -0.1503  0.2234  0.6076  1.4492  1.9720  0.3316 -0.1701  0.0245  0.5491 
ac 1.221 1.044 1.189 1.208 1.500 1.561 1.271 0.995 1.336 0.731 1.212 0.909 0.864 0.962 1.028 1.229 1.026 0.556 
Phase 2 Subphase 1 Iteration 9 Progress: 19%
Phase 2 Subphase 1 Iteration 10 Progress: 19%
theta  9.975  7.547 -2.478  1.916  0.543 -0.128 -0.038 -0.198  0.066 -0.150  0.292  0.781  1.531  2.132  0.281 -0.226  0.032  0.711 
ac 0.967 1.044 1.112 1.101 1.074 1.071 1.138 0.732 1.400 0.798 1.049 0.901 0.858 0.940 0.997 1.177 1.025 0.533 
theta 10.6818  8.7980 -3.1279  2.1956  0.6963 -0.4816 -0.0855 -0.1694 -0.1896  0.1602  0.9338  1.2452  1.5462  2.1406  0.1771 -0.4376  0.0707  1.0690 
ac  0.02597  0.17781  0.02025 -0.25151 -0.52783 -0.50875  0.01349 -0.43078  0.04527  0.04719 -0.47818 -0.00567  0.08891  0.18376  0.02411  0.21551  0.09019 -0.14850 
theta: 10.6818  8.7980 -3.1279  2.1956  0.6963 -0.4816 -0.0855 -0.1694 -0.1896  0.1602  0.9338  1.2452  1.5462  2.1406  0.1771 -0.4376  0.0707  1.0690 

Start phase 2.2
Phase 2 Subphase 2 Iteration 1 Progress: 23%
Phase 2 Subphase 2 Iteration 2 Progress: 23%
Phase 2 Subphase 2 Iteration 3 Progress: 23%
Phase 2 Subphase 2 Iteration 4 Progress: 23%
Phase 2 Subphase 2 Iteration 5 Progress: 23%
Phase 2 Subphase 2 Iteration 6 Progress: 23%
Phase 2 Subphase 2 Iteration 7 Progress: 24%
Phase 2 Subphase 2 Iteration 8 Progress: 24%
Phase 2 Subphase 2 Iteration 9 Progress: 24%
Phase 2 Subphase 2 Iteration 10 Progress: 24%
theta 10.8104  8.7810 -3.0899  2.1736  0.6872 -0.4676 -0.0813 -0.1637 -0.1640  0.1380  0.8954  1.2724  1.5332  2.1713  0.1570 -0.4367  0.0741  1.0608 
ac -0.30691 -0.04482 -0.38762 -0.51682 -0.48692 -0.50254 -0.34006  0.03037 -0.00563 -0.10886 -0.36365 -0.01371 -0.01199  0.07680 -0.01019 -0.03825 -0.09932 -0.06730 
theta: 10.8104  8.7810 -3.0899  2.1736  0.6872 -0.4676 -0.0813 -0.1637 -0.1640  0.1380  0.8954  1.2724  1.5332  2.1713  0.1570 -0.4367  0.0741  1.0608 

Start phase 2.3
Phase 2 Subphase 3 Iteration 1 Progress: 29%
Phase 2 Subphase 3 Iteration 2 Progress: 29%
Phase 2 Subphase 3 Iteration 3 Progress: 29%
Phase 2 Subphase 3 Iteration 4 Progress: 29%
Phase 2 Subphase 3 Iteration 5 Progress: 29%
Phase 2 Subphase 3 Iteration 6 Progress: 29%
Phase 2 Subphase 3 Iteration 7 Progress: 29%
Phase 2 Subphase 3 Iteration 8 Progress: 29%
Phase 2 Subphase 3 Iteration 9 Progress: 29%
Phase 2 Subphase 3 Iteration 10 Progress: 29%
Phase 2 Subphase 3 Iteration 500 Progress: 38%
theta 10.8797  9.0265 -3.0949  2.1798  0.6935 -0.4608 -0.0814 -0.1644 -0.1654  0.1253  0.8940  1.2608  1.5110  2.2572  0.1501 -0.4289  0.0735  1.0479 
ac -0.0743  0.0787 -0.1401 -0.2895 -0.2205 -0.2226 -0.1322 -0.1111 -0.0179  0.0133 -0.1475  0.0738  0.0596 -0.2003 -0.0728 -0.0753  0.0403  0.0177 
theta 10.9070  8.9317 -3.0865  2.1739  0.6837 -0.4624 -0.0802 -0.1619 -0.1503  0.1232  0.8914  1.2284  1.5613  2.2130  0.1528 -0.4183  0.0718  1.0175 
ac -0.05319  0.09580 -0.16024 -0.32654 -0.26640 -0.26678 -0.14090 -0.10437 -0.00306  0.01809 -0.17990  0.07752  0.06852 -0.13487 -0.07425 -0.07650  0.02297  0.02162 
theta: 10.9070  8.9317 -3.0865  2.1739  0.6837 -0.4624 -0.0802 -0.1619 -0.1503  0.1232  0.8914  1.2284  1.5613  2.2130  0.1528 -0.4183  0.0718  1.0175 

Start phase 2.4
Phase 2 Subphase 4 Iteration 1 Progress: 39%
Phase 2 Subphase 4 Iteration 2 Progress: 39%
Phase 2 Subphase 4 Iteration 3 Progress: 39%
Phase 2 Subphase 4 Iteration 4 Progress: 39%
Phase 2 Subphase 4 Iteration 5 Progress: 39%
Phase 2 Subphase 4 Iteration 6 Progress: 39%
Phase 2 Subphase 4 Iteration 7 Progress: 39%
Phase 2 Subphase 4 Iteration 8 Progress: 39%
Phase 2 Subphase 4 Iteration 9 Progress: 39%
Phase 2 Subphase 4 Iteration 10 Progress: 39%
Phase 2 Subphase 4 Iteration 500 Progress: 48%
theta 11.0150  8.9322 -3.0867  2.1746  0.6871 -0.4511 -0.0797 -0.1568 -0.1513  0.1235  0.8863  1.1959  1.5797  2.2383  0.1472 -0.4436  0.0745  1.0636 
ac -0.05271  0.02031 -0.04390 -0.10475 -0.12196 -0.11494 -0.01667 -0.07437 -0.11356 -0.09934 -0.04542  0.03896 -0.00456 -0.02002  0.10019 -0.00892  0.13528 -0.07615 
Phase 2 Subphase 4 Iteration 1000 Progress: 56%
theta 10.9220  8.9112 -3.0919  2.1823  0.6777 -0.4595 -0.0790 -0.1593 -0.1599  0.1212  0.8897  1.2375  1.5937  2.1895  0.1495 -0.4292  0.0705  1.0085 
ac -0.06927  0.03282 -0.03220 -0.07384 -0.09971 -0.08930 -0.02359 -0.05153 -0.09838 -0.06793 -0.01575  0.00180 -0.02736 -0.00707  0.06283 -0.02909  0.06223 -0.12228 
theta 10.9285  8.9557 -3.0903  2.1777  0.6859 -0.4665 -0.0801 -0.1599 -0.1536  0.1267  0.8920  1.2245  1.5678  2.1966  0.1430 -0.4295  0.0756  1.0430 
ac -0.06332  0.00616 -0.04790 -0.06860 -0.11049 -0.09816 -0.05189 -0.03577 -0.09193 -0.10871 -0.03070 -0.01905 -0.07280 -0.01120  0.05145 -0.03284  0.05199 -0.11530 
theta: 10.9285  8.9557 -3.0903  2.1777  0.6859 -0.4665 -0.0801 -0.1599 -0.1536  0.1267  0.8920  1.2245  1.5678  2.1966  0.1430 -0.4295  0.0756  1.0430 

Start phase 3 
Phase 3 Iteration 200 Progress 62%
Phase 3 Iteration 400 Progress 65%
Phase 3 Iteration 600 Progress 69%
Phase 3 Iteration 800 Progress 72%
Phase 3 Iteration 1000 Progress 75%
Phase 3 Iteration 1200 Progress 79%
Phase 3 Iteration 1400 Progress 82%
Phase 3 Iteration 1600 Progress 85%
Phase 3 Iteration 1800 Progress 88%
Phase 3 Iteration 2000 Progress 92%
Phase 3 Iteration 2200 Progress 95%
Phase 3 Iteration 2400 Progress 98%
Note: some statistics are not plotted because their variance is 0.
This holds for the statistic: 5.
SAOM estimates saved to task3_results/*.rds
GOF PDFs saved to task3_figures/
